0 info it worked if it ends with ok
1 verbose cli [ '/usr/local/bin/node',
1 verbose cli   '/usr/local/bin/npm',
1 verbose cli   'install',
1 verbose cli   '-g',
1 verbose cli   'nodemon',
1 verbose cli   'su',
1 verbose cli   'root[123456]' ]
2 info using npm@3.10.9
3 info using node@v6.9.2
4 silly loadCurrentTree Starting
5 silly install loadCurrentTree
6 silly install readGlobalPackageData
7 silly fetchPackageMetaData nodemon
8 silly fetchPackageMetaData su
9 silly fetchPackageMetaData root[123456]
10 silly fetchNamedPackageData nodemon
11 silly mapToRegistry name nodemon
12 silly mapToRegistry using default registry
13 silly mapToRegistry registry https://registry.npmjs.org/
14 silly mapToRegistry data Result {
14 silly mapToRegistry   raw: 'nodemon',
14 silly mapToRegistry   scope: null,
14 silly mapToRegistry   escapedName: 'nodemon',
14 silly mapToRegistry   name: 'nodemon',
14 silly mapToRegistry   rawSpec: '',
14 silly mapToRegistry   spec: 'latest',
14 silly mapToRegistry   type: 'tag' }
15 silly mapToRegistry uri https://registry.npmjs.org/nodemon
16 silly fetchNamedPackageData su
17 silly mapToRegistry name su
18 silly mapToRegistry using default registry
19 silly mapToRegistry registry https://registry.npmjs.org/
20 silly mapToRegistry data Result {
20 silly mapToRegistry   raw: 'su',
20 silly mapToRegistry   scope: null,
20 silly mapToRegistry   escapedName: 'su',
20 silly mapToRegistry   name: 'su',
20 silly mapToRegistry   rawSpec: '',
20 silly mapToRegistry   spec: 'latest',
20 silly mapToRegistry   type: 'tag' }
21 silly mapToRegistry uri https://registry.npmjs.org/su
22 silly fetchOtherPackageData root[123456]
23 silly cache add args [ 'root[123456]', null ]
24 verbose cache add spec root[123456]
25 verbose request uri https://registry.npmjs.org/su
26 verbose request no auth needed
27 info attempt registry request try #1 at 9:35:35 AM
28 verbose request id 9ecdd055870f211a
29 http request GET https://registry.npmjs.org/su
30 silly cache add parsed spec Result {
30 silly cache add   raw: 'root[123456]',
30 silly cache add   scope: null,
30 silly cache add   escapedName: null,
30 silly cache add   name: null,
30 silly cache add   rawSpec: 'root[123456]',
30 silly cache add   spec: '/Users/rafaelfioretti/Documents/AndroidWorkspace/webservices/root[123456]',
30 silly cache add   type: 'local' }
31 error addLocal Could not install /Users/rafaelfioretti/Documents/AndroidWorkspace/webservices/root[123456]
32 silly fetchPackageMetaData Error: ENOENT: no such file or directory, open '/Users/rafaelfioretti/Documents/AndroidWorkspace/webservices/root[123456]'
32 silly fetchPackageMetaData     at Error (native)
32 silly fetchPackageMetaData  error for root[123456] { Error: ENOENT: no such file or directory, open '/Users/rafaelfioretti/Documents/AndroidWorkspace/webservices/root[123456]'
32 silly fetchPackageMetaData     at Error (native)
32 silly fetchPackageMetaData   errno: -2,
32 silly fetchPackageMetaData   code: 'ENOENT',
32 silly fetchPackageMetaData   syscall: 'open',
32 silly fetchPackageMetaData   path: '/Users/rafaelfioretti/Documents/AndroidWorkspace/webservices/root[123456]' }
33 verbose request uri https://registry.npmjs.org/nodemon
34 verbose request no auth needed
35 info attempt registry request try #1 at 9:35:35 AM
36 verbose etag W/"584f6861-30b97"
37 verbose lastModified Tue, 13 Dec 2016 03:17:53 GMT
38 http request GET https://registry.npmjs.org/nodemon
39 http 304 https://registry.npmjs.org/nodemon
40 verbose headers { date: 'Sat, 17 Dec 2016 11:35:39 GMT',
40 verbose headers   via: '1.1 varnish',
40 verbose headers   'cache-control': 'max-age=300',
40 verbose headers   etag: 'W/"584f6861-30b97"',
40 verbose headers   age: '152',
40 verbose headers   connection: 'keep-alive',
40 verbose headers   'x-served-by': 'cache-gru7125-GRU',
40 verbose headers   'x-cache': 'HIT',
40 verbose headers   'x-cache-hits': '1',
40 verbose headers   'x-timer': 'S1481974539.550848,VS0,VE0',
40 verbose headers   vary: 'Accept-Encoding' }
41 silly get cb [ 304,
41 silly get   { date: 'Sat, 17 Dec 2016 11:35:39 GMT',
41 silly get     via: '1.1 varnish',
41 silly get     'cache-control': 'max-age=300',
41 silly get     etag: 'W/"584f6861-30b97"',
41 silly get     age: '152',
41 silly get     connection: 'keep-alive',
41 silly get     'x-served-by': 'cache-gru7125-GRU',
41 silly get     'x-cache': 'HIT',
41 silly get     'x-cache-hits': '1',
41 silly get     'x-timer': 'S1481974539.550848,VS0,VE0',
41 silly get     vary: 'Accept-Encoding' } ]
42 verbose etag https://registry.npmjs.org/nodemon from cache
43 verbose get saving nodemon to /Users/rafaelfioretti/.npm/registry.npmjs.org/nodemon/.cache.json
44 verbose correctMkdir /Users/rafaelfioretti/.npm correctMkdir not in flight; initializing
45 http 200 https://registry.npmjs.org/su
46 verbose headers { server: 'nginx/1.10.1',
46 verbose headers   'content-type': 'application/json',
46 verbose headers   'last-modified': 'Fri, 04 Oct 2013 10:14:18 GMT',
46 verbose headers   etag: 'W/"524e94fa-2f2"',
46 verbose headers   'content-encoding': 'gzip',
46 verbose headers   'cache-control': 'max-age=300',
46 verbose headers   'content-length': '397',
46 verbose headers   'accept-ranges': 'bytes',
46 verbose headers   date: 'Sat, 17 Dec 2016 11:35:39 GMT',
46 verbose headers   via: '1.1 varnish',
46 verbose headers   age: '0',
46 verbose headers   connection: 'keep-alive',
46 verbose headers   'x-served-by': 'cache-gru7123-GRU',
46 verbose headers   'x-cache': 'MISS',
46 verbose headers   'x-cache-hits': '0',
46 verbose headers   'x-timer': 'S1481974539.547509,VS0,VE200',
46 verbose headers   vary: 'Accept-Encoding' }
47 silly get cb [ 200,
47 silly get   { server: 'nginx/1.10.1',
47 silly get     'content-type': 'application/json',
47 silly get     'last-modified': 'Fri, 04 Oct 2013 10:14:18 GMT',
47 silly get     etag: 'W/"524e94fa-2f2"',
47 silly get     'content-encoding': 'gzip',
47 silly get     'cache-control': 'max-age=300',
47 silly get     'content-length': '397',
47 silly get     'accept-ranges': 'bytes',
47 silly get     date: 'Sat, 17 Dec 2016 11:35:39 GMT',
47 silly get     via: '1.1 varnish',
47 silly get     age: '0',
47 silly get     connection: 'keep-alive',
47 silly get     'x-served-by': 'cache-gru7123-GRU',
47 silly get     'x-cache': 'MISS',
47 silly get     'x-cache-hits': '0',
47 silly get     'x-timer': 'S1481974539.547509,VS0,VE200',
47 silly get     vary: 'Accept-Encoding' } ]
48 verbose get saving su to /Users/rafaelfioretti/.npm/registry.npmjs.org/su/.cache.json
49 verbose correctMkdir /Users/rafaelfioretti/.npm correctMkdir not in flight; initializing
50 silly rollbackFailedOptional Starting
51 silly rollbackFailedOptional Finishing
52 silly runTopLevelLifecycles Finishing
53 silly install printInstalled
54 verbose stack Error: ENOENT: no such file or directory, open '/Users/rafaelfioretti/Documents/AndroidWorkspace/webservices/root[123456]'
54 verbose stack     at Error (native)
55 verbose cwd /Users/rafaelfioretti/Documents/AndroidWorkspace/webservices
56 error Darwin 16.0.0
57 error argv "/usr/local/bin/node" "/usr/local/bin/npm" "install" "-g" "nodemon" "su" "root[123456]"
58 error node v6.9.2
59 error npm  v3.10.9
60 error path /Users/rafaelfioretti/Documents/AndroidWorkspace/webservices/root[123456]
61 error code ENOENT
62 error errno -2
63 error syscall open
64 error enoent ENOENT: no such file or directory, open '/Users/rafaelfioretti/Documents/AndroidWorkspace/webservices/root[123456]'
65 error enoent ENOENT: no such file or directory, open '/Users/rafaelfioretti/Documents/AndroidWorkspace/webservices/root[123456]'
65 error enoent This is most likely not a problem with npm itself
65 error enoent and is related to npm not being able to find a file.
66 verbose exit [ -2, true ]
